0 silly argv {
0 silly argv   _: [ 'clean' ],
0 silly argv   lernaVersion: '3.22.1',
0 silly argv   '$0': 'C:\\Users\\Sales\\AppData\\Roaming\\npm\\node_modules\\lerna\\cli.js'
0 silly argv }
1 notice cli v3.22.1
2 verbose rootPath C:\Users\Sales\Desktop\tech-talk\tech-talk-monorepo
3 info versioning independent
4 info Removing the following directories:
5 info clean packages\components\node_modules
5 info clean packages\layout\node_modules
5 info clean packages\page2\node_modules
5 info clean packages\page\node_modules
6 info clean removing C:\Users\Sales\Desktop\tech-talk\tech-talk-monorepo\packages\components\node_modules
7 silly rimrafDir C:\Users\Sales\Desktop\tech-talk\tech-talk-monorepo\packages\components\node_modules
8 info clean removing C:\Users\Sales\Desktop\tech-talk\tech-talk-monorepo\packages\layout\node_modules
9 silly rimrafDir C:\Users\Sales\Desktop\tech-talk\tech-talk-monorepo\packages\layout\node_modules
10 info clean removing C:\Users\Sales\Desktop\tech-talk\tech-talk-monorepo\packages\page2\node_modules
11 silly rimrafDir C:\Users\Sales\Desktop\tech-talk\tech-talk-monorepo\packages\page2\node_modules
12 info clean removing C:\Users\Sales\Desktop\tech-talk\tech-talk-monorepo\packages\page\node_modules
13 silly rimrafDir C:\Users\Sales\Desktop\tech-talk\tech-talk-monorepo\packages\page\node_modules
14 verbose rimrafDir removed C:\Users\Sales\Desktop\tech-talk\tech-talk-monorepo\packages\page2\node_modules
15 verbose rimrafDir removed C:\Users\Sales\Desktop\tech-talk\tech-talk-monorepo\packages\components\node_modules
16 error Error: Command failed: C:\Program Files\nodejs\node.exe C:\Users\Sales\Desktop\tech-talk\tech-talk-monorepo\node_modules\rimraf\bin.js --no-glob C:\Users\Sales\Desktop\tech-talk\tech-talk-monorepo\packages\page\node_modules\
16 error     at makeError (C:\Users\Sales\Desktop\tech-talk\tech-talk-monorepo\node_modules\execa\index.js:174:9)
16 error     at C:\Users\Sales\Desktop\tech-talk\tech-talk-monorepo\node_modules\execa\index.js:278:16
